

Microchip MPLAB XC8 Assembler V2.40 build 20220703182018 
                                                                                               Tue Feb 28 15:00:38 2023

Microchip MPLAB XC8 C Compiler v2.40 (Free license) build 20220703182018 Og1 
     1                           	processor	18F67K40
     2                           	fnconf	rparam,??,?,0
     3                           	pagewidth 120
     4                           	opt	flic
     5                           	psect	idataCOMRAM,global,class=CODE,delta=1,noexec
     6                           	psect	smallconst,global,reloc=2,class=SMALLCONST,delta=1,noexec
     7                           	psect	cinit,global,reloc=2,class=CODE,delta=1
     8                           	psect	bssCOMRAM,global,class=COMRAM,space=1,delta=1,lowdata,noexec
     9                           	psect	dataCOMRAM,global,class=COMRAM,space=1,delta=1,lowdata,noexec
    10                           	psect	bssBANK0,global,class=BANK0,space=1,delta=1,lowdata,noexec
    11                           	psect	cstackCOMRAM,global,class=COMRAM,space=1,delta=1,lowdata,noexec
    12                           	psect	text0,global,reloc=2,class=CODE,delta=1
    13                           	psect	text1,global,reloc=2,class=CODE,delta=1
    14                           	psect	text2,global,reloc=2,class=CODE,delta=1
    15                           	psect	text3,global,reloc=2,class=CODE,delta=1
    16                           	psect	text4,global,reloc=2,class=CODE,delta=1
    17                           	psect	text5,global,reloc=2,class=CODE,delta=1
    18                           	psect	text6,global,reloc=2,class=CODE,delta=1
    19                           	psect	text7,global,reloc=2,class=CODE,delta=1
    20                           	psect	text8,global,reloc=2,class=CODE,delta=1
    21                           	psect	intsave_regs,global,class=BIGRAM,space=1,delta=1,noexec
    22                           	psect	rparam,global,class=COMRAM,space=1,delta=1,noexec
    23                           	psect	idloc,global,abs,ovrld,class=IDLOC,space=5,delta=1,noexec
    24                           	psect	config,global,abs,ovrld,class=CONFIG,space=4,delta=1,noexec
    25  0000                     
    26                           ; Generated 06/04/2022 GMT
    27                           ; 
    28                           ; Copyright © 2022, Microchip Technology Inc. and its subsidiaries ("Microchip")
    29                           ; All rights reserved.
    30                           ; 
    31                           ; This software is developed by Microchip Technology Inc. and its subsidiaries ("Microch
      +                          ip").
    32                           ; 
    33                           ; Redistribution and use in source and binary forms, with or without modification, are
    34                           ; permitted provided that the following conditions are met:
    35                           ; 
    36                           ;     1. Redistributions of source code must retain the above copyright notice, this lis
      +                          t of
    37                           ;        conditions and the following disclaimer.
    38                           ; 
    39                           ;     2. Redistributions in binary form must reproduce the above copyright notice, this 
      +                          list
    40                           ;        of conditions and the following disclaimer in the documentation and/or other
    41                           ;        materials provided with the distribution. Publication is not required when
    42                           ;        this file is used in an embedded application.
    43                           ; 
    44                           ;     3. Microchip's name may not be used to endorse or promote products derived from th
      +                          is
    45                           ;        software without specific prior written permission.
    46                           ; 
    47                           ; THIS SOFTWARE IS PROVIDED BY MICROCHIP "AS IS" AND ANY EXPRESS OR IMPLIED WARRANTIES,
    48                           ; INCLUDING, BUT NOT LIMITED TO, THE IMPLIED WARRANTIES OF MERCHANTABILITY AND FITNESS F
      +                          OR
    49                           ; PURPOSE ARE DISCLAIMED.  IN NO EVENT SHALL MICROCHIP BE LIABLE FOR ANY DIRECT, INDIREC
      +                          T,
    50                           ; INCIDENTAL, SPECIAL, EXEMPLARY, OR CONSEQUENTIAL DAMAGES (INCLUDING BUT NOT LIMITED TO
    51                           ; PROCUREMENT OF SUBSTITUTE GOODS OR SERVICES; LOSS OF USE, DATA OR PROFITS; OR BUSINESS
    52                           ; INTERRUPTION) HOWSOEVER CAUSED AND ON ANY THEORY OF LIABILITY, WHETHER IN CONTRACT, ST
      +                          RICT
    53                           ; LIABILITY, OR TORT (INCLUDING NEGLIGENCE OR OTHERWISE) ARISING IN ANY WAY OUT OF THE U
      +                          SE OF
    54                           ; THIS SOFTWARE, EVEN IF ADVISED OF THE POSSIBILITY OF SUCH DAMAGE.
    55                           ; 
    56                           ; 
    57                           ; Code-generator required, PIC18F67K40 Definitions
    58                           ; 
    59                           ; SFR Addresses
    60  0000                     
    61                           	psect	idataCOMRAM
    62  0000'                    __pidataCOMRAM:
    63                           	callstack 0
    64                           
    65                           ;initializer for __15drightdelay
    66  0000' 0064               	dw	100
    67                           
    68                           ;initializer for __15dleftdelay
    69  0002' 0064               	dw	100
    70                           
    71                           ;initializer for _DataFlag
    72  0004' 01                 	db	1
    73  0000                     _TX4REG	set	3812
    74  0000                     _RC4STAbits	set	3815
    75  0000                     _SP4BRGH	set	3814
    76  0000                     _SSP2CON2bits	set	3802
    77  0000                     _RX4PPS	set	3605
    78  0000                     _SSP2CLKPPS	set	3612
    79  0000                     _SSP2DATPPS	set	3613
    80  0000                     _ANSELDbits	set	3751
    81  0000                     _SSP2ADD	set	3798
    82  0000                     _SSP2CON1bits	set	3801
    83  0000                     _RC4REG	set	3811
    84  0000                     _SP4BRGL	set	3813
    85  0000                     _TX4STAbits	set	3816
    86  0000                     _BAUD4CONbits	set	3817
    87  0000                     _SSP2CON2	set	3802
    88  0000                     _TRISDbits	set	3972
    89  0000                     _CCPR4H	set	3873
    90  0000                     _CCPR3H	set	3877
    91  0000                     _SSP2STAT	set	3800
    92  0000                     _CCPR2H	set	4006
    93  0000                     _CCPR1H	set	4010
    94  0000                     _SSP2BUF	set	3797
    95  0000                     _PIR4bits	set	3639
    96  0000                     _RC0PPS	set	3682
    97  0000                     _RD5PPS	set	3695
    98  0000                     _RD6PPS	set	3696
    99  0000                     _TRISCbits	set	3971
   100                           
   101                           	psect	smallconst
   102  0000'                    __psmallconst:
   103                           	callstack 0
   104  0000' 00                 	db	0
   105  0001'                    
   106                           ; BSR set to: 14
   107  0001' 52                 	db	82	;'R'
   108  0002' 65                 	db	101	;'e'
   109  0003' 64                 	db	100	;'d'
   110  0004' 3A                 	db	58	;':'
   111  0005' 20                 	db	32
   112  0006' 25                 	db	37
   113  0007' 64                 	db	100	;'d'
   114  0008' 20                 	db	32
   115  0009' 47                 	db	71	;'G'
   116  000A' 72                 	db	114	;'r'
   117  000B' 65                 	db	101	;'e'
   118  000C' 65                 	db	101	;'e'
   119  000D' 6E                 	db	110	;'n'
   120  000E' 3A                 	db	58	;':'
   121  000F' 20                 	db	32
   122  0010' 25                 	db	37
   123  0011' 64                 	db	100	;'d'
   124  0012' 20                 	db	32
   125  0013' 42                 	db	66	;'B'
   126  0014' 6C                 	db	108	;'l'
   127  0015' 75                 	db	117	;'u'
   128  0016' 65                 	db	101	;'e'
   129  0017' 3A                 	db	58	;':'
   130  0018' 20                 	db	32
   131  0019' 25                 	db	37
   132  001A' 64                 	db	100	;'d'
   133  001B' 20                 	db	32
   134  001C' 43                 	db	67	;'C'
   135  001D' 6C                 	db	108	;'l'
   136  001E' 65                 	db	101	;'e'
   137  001F' 61                 	db	97	;'a'
   138  0020' 72                 	db	114	;'r'
   139  0021' 3A                 	db	58	;':'
   140  0022' 20                 	db	32
   141  0023' 25                 	db	37
   142  0024' 64                 	db	100	;'d'
   143  0025' 20                 	db	32
   144  0026' 0D                 	db	13
   145  0027' 00                 	db	0
   146  0028' 00                 	db	0	; dummy byte at the end
   147  0000                     
   148                           ; #config settings
   149                           
   150                           	psect	cinit
   151  0000'                    __pcinit:
   152                           	callstack 0
   153  0000'                    start_initialization:
   154                           	callstack 0
   155  0000'                    __initialization:
   156                           	callstack 0
   157                           
   158                           ; Initialize objects allocated to COMRAM (5 bytes)
   159                           ; load TBLPTR registers with __pidataCOMRAM
   160  0000' 0E00'              	movlw	low __pidataCOMRAM
   161  0002' 6EF6               	movwf	tblptrl,c
   162  0004' 0E00'              	movlw	high __pidataCOMRAM
   163  0006' 6EF7               	movwf	tblptrh,c
   164  0008' 0E00'              	movlw	low (__pidataCOMRAM shr (0+16))
   165  000A' 6EF8               	movwf	tblptru,c
   166  000C' EE00' F000'        	lfsr	0,__pdataCOMRAM
   167  0010' EE10 F005          	lfsr	1,5
   168  0014'                    copy_data0:
   169  0014' 0009               	tblrd		*+
   170  0016' CFF5 FFEE          	movff	tablat,postinc0
   171  001A' 50E5               	movf	postdec1,w,c
   172  001C' 50E1               	movf	fsr1l,w,c
   173  001E' E1FA               	bnz	copy_data0
   174                           
   175                           ; Clear objects allocated to BANK0 (60 bytes)
   176  0020' EE00' F000'        	lfsr	0,__pbssBANK0
   177  0024' 0E3C               	movlw	60
   178  0026'                    clear_0:
   179  0026' 6AEE               	clrf	postinc0,c
   180  0028' 06E8               	decf	wreg,f,c
   181  002A' E1FD               	bnz	clear_0
   182                           
   183                           ; Clear objects allocated to COMRAM (42 bytes)
   184  002C' EE00' F000'        	lfsr	0,__pbssCOMRAM
   185  0030' 0E2A               	movlw	42
   186  0032'                    clear_1:
   187  0032' 6AEE               	clrf	postinc0,c
   188  0034' 06E8               	decf	wreg,f,c
   189  0036' E1FD               	bnz	clear_1
   190  0038'                    end_of_initialization:
   191                           	callstack 0
   192  0038'                    __end_of__initialization:
   193                           	callstack 0
   194  0038' 0E00'              	movlw	low (__Lsmallconst shr (0+16))
   195  003A' 6EF8               	movwf	tblptru,c
   196  003C' 0E00'              	movlw	high __Lsmallconst
   197  003E' 6EF7               	movwf	tblptrh,c
   198  0040' 0100               	movlb	0
   199  0042' EF00' F000'        	goto	_main	;jump to C main() function
   200                           
   201                           	psect	bssCOMRAM
   202  0000'                    __pbssCOMRAM:
   203                           	callstack 0
   204  0000'                    _EUSART4RXbuf:
   205                           	callstack 0
   206  0000'                    	ds	20
   207  0014'                    _TxBufReadCnt:
   208                           	callstack 0
   209  0014'                    	ds	1
   210  0015'                    _TxBufWriteCnt:
   211                           	callstack 0
   212  0015'                    	ds	1
   213  0016'                    _RxBufReadCnt:
   214                           	callstack 0
   215  0016'                    	ds	1
   216  0017'                    _RxBufWriteCnt:
   217                           	callstack 0
   218  0017'                    	ds	1
   219  0018'                    _motorR:
   220                           	callstack 0
   221  0018'                    	ds	9
   222  0021'                    _motorL:
   223                           	callstack 0
   224  0021'                    	ds	9
   225                           
   226                           	psect	dataCOMRAM
   227  0000'                    __pdataCOMRAM:
   228                           	callstack 0
   229  0000'                    __15drightdelay:
   230                           	callstack 0
   231  0000'                    	ds	2
   232  0002'                    __15dleftdelay:
   233                           	callstack 0
   234  0002'                    	ds	2
   235  0004'                    _DataFlag:
   236                           	callstack 0
   237  0004'                    	ds	1
   238                           
   239                           	psect	bssBANK0
   240  0000'                    __pbssBANK0:
   241                           	callstack 0
   242  0000'                    _EUSART4TXbuf:
   243                           	callstack 0
   244  0000'                    	ds	60
   245                           
   246                           	psect	cstackCOMRAM
   247  0000'                    __pcstackCOMRAM:
   248                           	callstack 0
   249  0000'                    ??_I2C_2_Master_Idle:
   250  0000'                    _initDCmotorsPWM$0:
   251                           	callstack 0
   252  0000'                    _Left15$0:
   253                           	callstack 0
   254                           
   255                           ; 2 bytes @ 0x0
   256  0000'                    	ds	1
   257  0001'                    I2C_2_Master_Write@data_byte:
   258                           	callstack 0
   259                           
   260                           ; 1 bytes @ 0x1
   261  0001'                    	ds	1
   262  0002'                    color_writetoaddr@value:
   263                           	callstack 0
   264  0002'                    _Left15$1:
   265                           	callstack 0
   266                           
   267                           ; 2 bytes @ 0x2
   268  0002'                    	ds	1
   269  0003'                    color_writetoaddr@address:
   270                           	callstack 0
   271                           
   272                           ; 1 bytes @ 0x3
   273  0003'                    	ds	1
   274  0004'                    ??_color_click_init:
   275                           
   276                           ; 1 bytes @ 0x4
   277  0004'                    	ds	1
   278  0005'                    ??_main:
   279                           
   280                           ; 1 bytes @ 0x5
   281  0005'                    	ds	2
   282                           
   283 ;;
   284 ;;Main: autosize = 0, tempsize = 2, incstack = 0, save=0
   285 ;;
   286 ;; *************** function _main *****************
   287 ;; Defined at:
   288 ;;		line 14 in file "main.c"
   289 ;; Parameters:    Size  Location     Type
   290 ;;		None
   291 ;; Auto vars:     Size  Location     Type
   292 ;;  data           30    0        unsigned char [30]
   293 ;;  PWMcycle        2    0        unsigned int 
   294 ;; Return value:  Size  Location     Type
   295 ;;                  1    wreg      void 
   296 ;; Registers used:
   297 ;;		wreg, fsr0l, fsr0h, fsr1l, fsr1h, fsr1l, fsr1h, fsr2l, fsr2h, bsr, status,2, status,0, pcl, pclath, pclatu, btemp, b
      +temp+1, btemp+2, btemp+3, btemp+4, btemp+5, btemp+6, btemp+7, btemp+8, btemp+9, btemp+10, btemp+11, btemp+12, btemp+13, 
      +btemp+14, btemp+15, btemp+16, btemp+17, btemp+18, btemp+19, btemp+20, btemp+21, btemp+22, btemp+23, btemp+24, btemp+25, 
      +btemp+26, btemp+27, btemp+28, btemp+29, btemp+30, btemp+31, tosl, structret, tblptrl, tblptrh, tblptru, prodl, prodh, cs
      +tack
   298 ;; Tracked objects:
   299 ;;		On entry : 0/0
   300 ;;		On exit  : 0/0
   301 ;;		Unchanged: 0/0
   302 ;; Data sizes:     COMRAM   BANK0   BANK1   BANK2   BANK3   BANK4   BANK5   BANK6   BANK7   BANK8   BANK9  BANK10  BANK1
      +1  BANK12  BANK13
   303 ;;      Params:         0       0       0       0       0       0       0       0       0       0       0       0       
      +0       0       0
   304 ;;      Locals:         0       0       0       0       0       0       0       0       0       0       0       0       
      +0       0       0
   305 ;;      Temps:          2       0       0       0       0       0       0       0       0       0       0       0       
      +0       0       0
   306 ;;      Totals:         2       0       0       0       0       0       0       0       0       0       0       0       
      +0       0       0
   307 ;;Total ram usage:        2 bytes
   308 ;; Hardware stack levels required when called: 4
   309 ;; This function calls:
   310 ;;		_I2C_2_Master_Init
   311 ;;		_Left15
   312 ;;		_color_click_init
   313 ;;		_initDCmotorsPWM
   314 ;;		_initUSART4
   315 ;; This function is called by:
   316 ;;		Startup code after reset
   317 ;; This function uses a non-reentrant model
   318 ;;
   319                           
   320                           	psect	text0
   321  0000'                    __ptext0:
   322                           	callstack 0
   323  0000'                    _main:
   324                           	callstack 27
   325  0000'                    
   326                           ;main.c: 15:     char data[30];;main.c: 16:     initUSART4();
   327  0000' EC00' F000'        	call	_initUSART4	;wreg free
   328  0004'                    
   329                           ;main.c: 17:     color_click_init();
   330  0004' EC00' F000'        	call	_color_click_init	;wreg free
   331  0008'                    
   332                           ;main.c: 18:     I2C_2_Master_Init();
   333  0008' EC00' F000'        	call	_I2C_2_Master_Init	;wreg free
   334  000C'                    
   335                           ;main.c: 21:     initDCmotorsPWM(PWMcycle);
   336  000C' 0E00               	movlw	0
   337  000E' 6E00'              	movwf	(_initDCmotorsPWM$0+1)^0,c
   338  0010' 0E63               	movlw	99
   339  0012' 6E00'              	movwf	_initDCmotorsPWM$0^0,c
   340  0014' EC00' F000'        	call	_initDCmotorsPWM	;wreg free
   341  0018'                    
   342                           ;main.c: 23:     motorL.power=0;
   343  0018' 0E00               	movlw	0
   344  001A' 6E00'              	movwf	_motorL^0,c
   345  001C'                    
   346                           ;main.c: 24:     motorL.direction=1;
   347  001C' 0E01               	movlw	1
   348  001E' 6E00'              	movwf	(_motorL+1)^0,c
   349  0020'                    
   350                           ;main.c: 25:     motorL.brakemode=1;
   351  0020' 0E01               	movlw	1
   352  0022' 6E00'              	movwf	(_motorL+2)^0,c
   353  0024'                    
   354                           ;main.c: 26:     motorL.posDutyHighByte=(unsigned char *)(&CCPR1H);
   355  0024' 0EAA               	movlw	170
   356  0026' 6E00'              	movwf	(_motorL+5)^0,c
   357  0028' 0E0F               	movlw	15
   358  002A' 6E00'              	movwf	(_motorL+6)^0,c
   359  002C'                    
   360                           ;main.c: 27:     motorL.negDutyHighByte=(unsigned char *)(&CCPR2H);
   361  002C' 0EA6               	movlw	166
   362  002E' 6E00'              	movwf	(_motorL+7)^0,c
   363  0030' 0E0F               	movlw	15
   364  0032' 6E00'              	movwf	(_motorL+8)^0,c
   365  0034'                    
   366                           ;main.c: 28:     motorL.PWMperiod=PWMcycle;
   367  0034' 0E00               	movlw	0
   368  0036' 6E00'              	movwf	(_motorL+4)^0,c
   369  0038' 0E63               	movlw	99
   370  003A' 6E00'              	movwf	(_motorL+3)^0,c
   371  003C'                    
   372                           ;main.c: 30:     motorR.power=0;
   373  003C' 0E00               	movlw	0
   374  003E' 6E00'              	movwf	_motorR^0,c
   375  0040'                    
   376                           ;main.c: 31:     motorR.direction=1;
   377  0040' 0E01               	movlw	1
   378  0042' 6E00'              	movwf	(_motorR+1)^0,c
   379  0044'                    
   380                           ;main.c: 32:     motorR.brakemode=1;
   381  0044' 0E01               	movlw	1
   382  0046' 6E00'              	movwf	(_motorR+2)^0,c
   383  0048'                    
   384                           ;main.c: 33:     motorR.posDutyHighByte=(unsigned char *)(&CCPR3H);
   385  0048' 0E25               	movlw	37
   386  004A' 6E00'              	movwf	(_motorR+5)^0,c
   387  004C' 0E0F               	movlw	15
   388  004E' 6E00'              	movwf	(_motorR+6)^0,c
   389  0050'                    
   390                           ;main.c: 34:     motorR.negDutyHighByte=(unsigned char *)(&CCPR4H);
   391  0050' 0E21               	movlw	33
   392  0052' 6E00'              	movwf	(_motorR+7)^0,c
   393  0054' 0E0F               	movlw	15
   394  0056' 6E00'              	movwf	(_motorR+8)^0,c
   395  0058'                    
   396                           ;main.c: 35:     motorR.PWMperiod=PWMcycle;
   397  0058' 0E00               	movlw	0
   398  005A' 6E00'              	movwf	(_motorR+4)^0,c
   399  005C' 0E63               	movlw	99
   400  005E' 6E00'              	movwf	(_motorR+3)^0,c
   401  0060'                    l1081:
   402                           
   403                           ;main.c: 38:         Left15(&motorL,&motorR);
   404  0060' 0E00'              	movlw	low _motorL
   405  0062' 6E00'              	movwf	_Left15$0^0,c
   406  0064' 0E00'              	movlw	high _motorL
   407  0066' 6E00'              	movwf	(_Left15$0+1)^0,c
   408  0068' 0E00'              	movlw	low _motorR
   409  006A' 6E00'              	movwf	_Left15$1^0,c
   410  006C' 0E00'              	movlw	high _motorR
   411  006E' 6E00'              	movwf	(_Left15$1+1)^0,c
   412  0070' EC00' F000'        	call	_Left15	;wreg free
   413  0074'                    
   414                           ;main.c: 39:         _delay((unsigned long)((1000)*(64000000/4000.0)));
   415  0074' 0E52               	movlw	82
   416  0076' 6E00'              	movwf	(??_main+1)^0,c
   417  0078' 0E2B               	movlw	43
   418  007A' 6E00'              	movwf	??_main^0,c
   419  007C' 0E00               	movlw	0
   420  007E'                    u87:
   421  007E' 2EE8               	decfsz	wreg,f,c
   422  0080' D7FE               	bra	u87
   423  0082' 2E00'              	decfsz	??_main^0,f,c
   424  0084' D7FC               	bra	u87
   425  0086' 2E00'              	decfsz	(??_main+1)^0,f,c
   426  0088' D7FA               	bra	u87
   427  008A' D000               	nop2	
   428  008C' EF00' F000'        	goto	l1081
   429  0090' EF00' F000'        	goto	start
   430  0094'                    __end_of_main:
   431                           	callstack 0
   432                           
   433 ;; *************** function _initUSART4 *****************
   434 ;; Defined at:
   435 ;;		line 5 in file "serial.c"
   436 ;; Parameters:    Size  Location     Type
   437 ;;		None
   438 ;; Auto vars:     Size  Location     Type
   439 ;;		None
   440 ;; Return value:  Size  Location     Type
   441 ;;                  1    wreg      void 
   442 ;; Registers used:
   443 ;;		wreg, status,2
   444 ;; Tracked objects:
   445 ;;		On entry : 0/0
   446 ;;		On exit  : 0/0
   447 ;;		Unchanged: 0/0
   448 ;; Data sizes:     COMRAM   BANK0   BANK1   BANK2   BANK3   BANK4   BANK5   BANK6   BANK7   BANK8   BANK9  BANK10  BANK1
      +1  BANK12  BANK13
   449 ;;      Params:         0       0       0       0       0       0       0       0       0       0       0       0       
      +0       0       0
   450 ;;      Locals:         0       0       0       0       0       0       0       0       0       0       0       0       
      +0       0       0
   451 ;;      Temps:          0       0       0       0       0       0       0       0       0       0       0       0       
      +0       0       0
   452 ;;      Totals:         0       0       0       0       0       0       0       0       0       0       0       0       
      +0       0       0
   453 ;;Total ram usage:        0 bytes
   454 ;; Hardware stack levels used: 1
   455 ;; This function calls:
   456 ;;		Nothing
   457 ;; This function is called by:
   458 ;;		_main
   459 ;; This function uses a non-reentrant model
   460 ;;
   461                           
   462                           	psect	text1
   463  0000'                    __ptext1:
   464                           	callstack 0
   465  0000'                    _initUSART4:
   466                           	callstack 30
   467  0000'                    
   468                           ;serial.c: 6:     TRISCbits.TRISC4=1;
   469  0000' 8883               	bsf	131,4,c	;volatile
   470                           
   471                           ;serial.c: 7:     TRISCbits.TRISC1=1;
   472  0002' 8283               	bsf	131,1,c	;volatile
   473  0004'                    
   474                           ;serial.c: 8:     RC0PPS = 0x12;
   475  0004' 0E12               	movlw	18
   476  0006' 010E               	movlb	14	; () banked
   477  0008' 6F62               	movwf	98,b	;volatile
   478                           
   479                           ;serial.c: 9:     RX4PPS = 0x11;
   480  000A' 0E11               	movlw	17
   481  000C' 6F15               	movwf	21,b	;volatile
   482  000E'                    
   483                           ; BSR set to: 14
   484                           ;serial.c: 10:     BAUD4CONbits.BRG16 = 0;
   485  000E' 97E9               	bcf	233,3,b	;volatile
   486  0010'                    
   487                           ; BSR set to: 14
   488                           ;serial.c: 11:     TX4STAbits.BRGH = 0;
   489  0010' 95E8               	bcf	232,2,b	;volatile
   490                           
   491                           ;serial.c: 13:     SP4BRGL = 51;
   492  0012' 0E33               	movlw	51
   493  0014' 6FE5               	movwf	229,b	;volatile
   494                           
   495                           ;serial.c: 14:     SP4BRGH = 0;
   496  0016' 0E00               	movlw	0
   497  0018' 6FE6               	movwf	230,b	;volatile
   498  001A'                    
   499                           ; BSR set to: 14
   500                           ;serial.c: 16:     RC4STAbits.CREN = 1;
   501  001A' 89E7               	bsf	231,4,b	;volatile
   502  001C'                    
   503                           ; BSR set to: 14
   504                           ;serial.c: 17:     TX4STAbits.TXEN = 1;
   505  001C' 8BE8               	bsf	232,5,b	;volatile
   506  001E'                    
   507                           ; BSR set to: 14
   508                           ;serial.c: 18:     RC4STAbits.SPEN = 1;
   509  001E' 8FE7               	bsf	231,7,b	;volatile
   510  0020'                    
   511                           ; BSR set to: 14
   512  0020' 0012               	return		;funcret
   513  0022'                    __end_of_initUSART4:
   514                           	callstack 0
   515                           
   516 ;; *************** function _color_click_init *****************
   517 ;; Defined at:
   518 ;;		line 6 in file "color.c"
   519 ;; Parameters:    Size  Location     Type
   520 ;;		None
   521 ;; Auto vars:     Size  Location     Type
   522 ;;		None
   523 ;; Return value:  Size  Location     Type
   524 ;;                  1    wreg      void 
   525 ;; Registers used:
   526 ;;		wreg, status,2, status,0, cstack
   527 ;; Tracked objects:
   528 ;;		On entry : 0/0
   529 ;;		On exit  : 0/0
   530 ;;		Unchanged: 0/0
   531 ;; Data sizes:     COMRAM   BANK0   BANK1   BANK2   BANK3   BANK4   BANK5   BANK6   BANK7   BANK8   BANK9  BANK10  BANK1
      +1  BANK12  BANK13
   532 ;;      Params:         0       0       0       0       0       0       0       0       0       0       0       0       
      +0       0       0
   533 ;;      Locals:         0       0       0       0       0       0       0       0       0       0       0       0       
      +0       0       0
   534 ;;      Temps:          1       0       0       0       0       0       0       0       0       0       0       0       
      +0       0       0
   535 ;;      Totals:         1       0       0       0       0       0       0       0       0       0       0       0       
      +0       0       0
   536 ;;Total ram usage:        1 bytes
   537 ;; Hardware stack levels used: 1
   538 ;; Hardware stack levels required when called: 3
   539 ;; This function calls:
   540 ;;		_I2C_2_Master_Init
   541 ;;		_color_writetoaddr
   542 ;; This function is called by:
   543 ;;		_main
   544 ;; This function uses a non-reentrant model
   545 ;;
   546                           
   547                           	psect	text2
   548  0000'                    __ptext2:
   549                           	callstack 0
   550  0000'                    _color_click_init:
   551                           	callstack 27
   552  0000'                    
   553                           ;color.c: 9:     I2C_2_Master_Init();
   554  0000' EC00' F000'        	call	_I2C_2_Master_Init	;wreg free
   555  0004'                    
   556                           ;color.c: 12:   color_writetoaddr(0x00, 0x01);
   557  0004' 0E01               	movlw	1
   558  0006' 6E00'              	movwf	color_writetoaddr@value^0,c
   559  0008' 0E00               	movlw	0
   560  000A' EC00' F000'        	call	_color_writetoaddr
   561  000E'                    
   562                           ;color.c: 13:     _delay((unsigned long)((3)*(64000000/4000.0)));
   563  000E' 0E3F               	movlw	63
   564  0010' 6E00'              	movwf	??_color_click_init^0,c
   565  0012' 0E55               	movlw	85
   566  0014'                    u97:
   567  0014' 2EE8               	decfsz	wreg,f,c
   568  0016' D7FE               	bra	u97
   569  0018' 2E00'              	decfsz	??_color_click_init^0,f,c
   570  001A' D7FC               	bra	u97
   571  001C' F000               	nop	
   572  001E'                    
   573                           ;color.c: 16:  color_writetoaddr(0x00, 0x03);
   574  001E' 0E03               	movlw	3
   575  0020' 6E00'              	movwf	color_writetoaddr@value^0,c
   576  0022' 0E00               	movlw	0
   577  0024' EC00' F000'        	call	_color_writetoaddr
   578  0028'                    
   579                           ;color.c: 19:  color_writetoaddr(0x01, 0xD5);
   580  0028' 0ED5               	movlw	213
   581  002A' 6E00'              	movwf	color_writetoaddr@value^0,c
   582  002C' 0E01               	movlw	1
   583  002E' EC00' F000'        	call	_color_writetoaddr
   584  0032' 0012               	return		;funcret
   585  0034'                    __end_of_color_click_init:
   586                           	callstack 0
   587                           
   588 ;; *************** function _color_writetoaddr *****************
   589 ;; Defined at:
   590 ;;		line 22 in file "color.c"
   591 ;; Parameters:    Size  Location     Type
   592 ;;  address         1    wreg     unsigned char 
   593 ;;  value           1    2[COMRAM] unsigned char 
   594 ;; Auto vars:     Size  Location     Type
   595 ;;  address         1    3[COMRAM] unsigned char 
   596 ;; Return value:  Size  Location     Type
   597 ;;                  1    wreg      void 
   598 ;; Registers used:
   599 ;;		wreg, status,2, status,0, cstack
   600 ;; Tracked objects:
   601 ;;		On entry : 0/0
   602 ;;		On exit  : 0/0
   603 ;;		Unchanged: 0/0
   604 ;; Data sizes:     COMRAM   BANK0   BANK1   BANK2   BANK3   BANK4   BANK5   BANK6   BANK7   BANK8   BANK9  BANK10  BANK1
      +1  BANK12  BANK13
   605 ;;      Params:         1       0       0       0       0       0       0       0       0       0       0       0       
      +0       0       0
   606 ;;      Locals:         1       0       0       0       0       0       0       0       0       0       0       0       
      +0       0       0
   607 ;;      Temps:          0       0       0       0       0       0       0       0       0       0       0       0       
      +0       0       0
   608 ;;      Totals:         2       0       0       0       0       0       0       0       0       0       0       0       
      +0       0       0
   609 ;;Total ram usage:        2 bytes
   610 ;; Hardware stack levels used: 1
   611 ;; Hardware stack levels required when called: 2
   612 ;; This function calls:
   613 ;;		_I2C_2_Master_Start
   614 ;;		_I2C_2_Master_Stop
   615 ;;		_I2C_2_Master_Write
   616 ;; This function is called by:
   617 ;;		_color_click_init
   618 ;; This function uses a non-reentrant model
   619 ;;
   620                           
   621                           	psect	text3
   622  0000'                    __ptext3:
   623                           	callstack 0
   624  0000'                    _color_writetoaddr:
   625                           	callstack 27
   626                           
   627                           ;incstack = 0
   628                           ;color_writetoaddr@address stored from wreg
   629  0000' 6E00'              	movwf	color_writetoaddr@address^0,c
   630  0002'                    
   631                           ;color.c: 23:     I2C_2_Master_Start();
   632  0002' EC00' F000'        	call	_I2C_2_Master_Start	;wreg free
   633                           
   634                           ;color.c: 24:     I2C_2_Master_Write(0x52 | 0x00);
   635  0006' 0E52               	movlw	82
   636  0008' EC00' F000'        	call	_I2C_2_Master_Write
   637                           
   638                           ;color.c: 25:     I2C_2_Master_Write(0x80 | address);
   639  000C' 5000'              	movf	color_writetoaddr@address^0,w,c
   640  000E' 0980               	iorlw	128
   641  0010' EC00' F000'        	call	_I2C_2_Master_Write
   642                           
   643                           ;color.c: 26:     I2C_2_Master_Write(value);
   644  0014' 5000'              	movf	color_writetoaddr@value^0,w,c
   645  0016' EC00' F000'        	call	_I2C_2_Master_Write
   646                           
   647                           ;color.c: 27:     I2C_2_Master_Stop();
   648  001A' EC00' F000'        	call	_I2C_2_Master_Stop	;wreg free
   649  001E' 0012               	return		;funcret
   650  0020'                    __end_of_color_writetoaddr:
   651                           	callstack 0
   652                           
   653 ;; *************** function _I2C_2_Master_Write *****************
   654 ;; Defined at:
   655 ;;		line 45 in file "i2c.c"
   656 ;; Parameters:    Size  Location     Type
   657 ;;  data_byte       1    wreg     unsigned char 
   658 ;; Auto vars:     Size  Location     Type
   659 ;;  data_byte       1    1[COMRAM] unsigned char 
   660 ;; Return value:  Size  Location     Type
   661 ;;                  1    wreg      void 
   662 ;; Registers used:
   663 ;;		wreg, status,2, status,0, cstack
   664 ;; Tracked objects:
   665 ;;		On entry : 0/0
   666 ;;		On exit  : 0/0
   667 ;;		Unchanged: 0/0
   668 ;; Data sizes:     COMRAM   BANK0   BANK1   BANK2   BANK3   BANK4   BANK5   BANK6   BANK7   BANK8   BANK9  BANK10  BANK1
      +1  BANK12  BANK13
   669 ;;      Params:         0       0       0       0       0       0       0       0       0       0       0       0       
      +0       0       0
   670 ;;      Locals:         1       0       0       0       0       0       0       0       0       0       0       0       
      +0       0       0
   671 ;;      Temps:          0       0       0       0       0       0       0       0       0       0       0       0       
      +0       0       0
   672 ;;      Totals:         1       0       0       0       0       0       0       0       0       0       0       0       
      +0       0       0
   673 ;;Total ram usage:        1 bytes
   674 ;; Hardware stack levels used: 1
   675 ;; Hardware stack levels required when called: 1
   676 ;; This function calls:
   677 ;;		_I2C_2_Master_Idle
   678 ;; This function is called by:
   679 ;;		_color_writetoaddr
   680 ;;		_color_read_Red
   681 ;;		_color_read_Green
   682 ;;		_color_read_Blue
   683 ;;		_color_read_Clear
   684 ;; This function uses a non-reentrant model
   685 ;;
   686                           
   687                           	psect	text4
   688  0000'                    __ptext4:
   689                           	callstack 0
   690  0000'                    _I2C_2_Master_Write:
   691                           	callstack 27
   692                           
   693                           ;incstack = 0
   694                           ;I2C_2_Master_Write@data_byte stored from wreg
   695  0000' 6E00'              	movwf	I2C_2_Master_Write@data_byte^0,c
   696  0002'                    
   697                           ;i2c.c: 45: void I2C_2_Master_Write(unsigned char data_byte);i2c.c: 46: {;i2c.c: 47:   I
      +                          2C_2_Master_Idle();
   698  0002' EC00' F000'        	call	_I2C_2_Master_Idle	;wreg free
   699  0006'                    
   700                           ;i2c.c: 48:   SSP2BUF = data_byte;
   701  0006' C001' FED5         	movff	I2C_2_Master_Write@data_byte,3797	;volatile
   702  000A' 0012               	return		;funcret
   703  000C'                    __end_of_I2C_2_Master_Write:
   704                           	callstack 0
   705                           
   706 ;; *************** function _I2C_2_Master_Stop *****************
   707 ;; Defined at:
   708 ;;		line 39 in file "i2c.c"
   709 ;; Parameters:    Size  Location     Type
   710 ;;		None
   711 ;; Auto vars:     Size  Location     Type
   712 ;;		None
   713 ;; Return value:  Size  Location     Type
   714 ;;                  1    wreg      void 
   715 ;; Registers used:
   716 ;;		wreg, status,2, status,0, cstack
   717 ;; Tracked objects:
   718 ;;		On entry : 0/0
   719 ;;		On exit  : 0/0
   720 ;;		Unchanged: 0/0
   721 ;; Data sizes:     COMRAM   BANK0   BANK1   BANK2   BANK3   BANK4   BANK5   BANK6   BANK7   BANK8   BANK9  BANK10  BANK1
      +1  BANK12  BANK13
   722 ;;      Params:         0       0       0       0       0       0       0       0       0       0       0       0       
      +0       0       0
   723 ;;      Locals:         0       0       0       0       0       0       0       0       0       0       0       0       
      +0       0       0
   724 ;;      Temps:          0       0       0       0       0       0       0       0       0       0       0       0       
      +0       0       0
   725 ;;      Totals:         0       0       0       0       0       0       0       0       0       0       0       0       
      +0       0       0
   726 ;;Total ram usage:        0 bytes
   727 ;; Hardware stack levels used: 1
   728 ;; Hardware stack levels required when called: 1
   729 ;; This function calls:
   730 ;;		_I2C_2_Master_Idle
   731 ;; This function is called by:
   732 ;;		_color_writetoaddr
   733 ;;		_color_read_Red
   734 ;;		_color_read_Green
   735 ;;		_color_read_Blue
   736 ;;		_color_read_Clear
   737 ;; This function uses a non-reentrant model
   738 ;;
   739                           
   740                           	psect	text5
   741  0000'                    __ptext5:
   742                           	callstack 0
   743  0000'                    _I2C_2_Master_Stop:
   744                           	callstack 27
   745  0000'                    
   746                           ;i2c.c: 41:   I2C_2_Master_Idle();
   747  0000' EC00' F000'        	call	_I2C_2_Master_Idle	;wreg free
   748  0004'                    
   749                           ;i2c.c: 42:   SSP2CON2bits.PEN = 1;
   750  0004' 010E               	movlb	14	; () banked
   751  0006' 85DA               	bsf	218,2,b	;volatile
   752  0008'                    
   753                           ; BSR set to: 14
   754  0008' 0012               	return		;funcret
   755  000A'                    __end_of_I2C_2_Master_Stop:
   756                           	callstack 0
   757                           
   758 ;; *************** function _I2C_2_Master_Start *****************
   759 ;; Defined at:
   760 ;;		line 27 in file "i2c.c"
   761 ;; Parameters:    Size  Location     Type
   762 ;;		None
   763 ;; Auto vars:     Size  Location     Type
   764 ;;		None
   765 ;; Return value:  Size  Location     Type
   766 ;;                  1    wreg      void 
   767 ;; Registers used:
   768 ;;		wreg, status,2, status,0, cstack
   769 ;; Tracked objects:
   770 ;;		On entry : 0/0
   771 ;;		On exit  : 0/0
   772 ;;		Unchanged: 0/0
   773 ;; Data sizes:     COMRAM   BANK0   BANK1   BANK2   BANK3   BANK4   BANK5   BANK6   BANK7   BANK8   BANK9  BANK10  BANK1
      +1  BANK12  BANK13
   774 ;;      Params:         0       0       0       0       0       0       0       0       0       0       0       0       
      +0       0       0
   775 ;;      Locals:         0       0       0       0       0       0       0       0       0       0       0       0       
      +0       0       0
   776 ;;      Temps:          0       0       0       0       0       0       0       0       0       0       0       0       
      +0       0       0
   777 ;;      Totals:         0       0       0       0       0       0       0       0       0       0       0       0       
      +0       0       0
   778 ;;Total ram usage:        0 bytes
   779 ;; Hardware stack levels used: 1
   780 ;; Hardware stack levels required when called: 1
   781 ;; This function calls:
   782 ;;		_I2C_2_Master_Idle
   783 ;; This function is called by:
   784 ;;		_color_writetoaddr
   785 ;;		_color_read_Red
   786 ;;		_color_read_Green
   787 ;;		_color_read_Blue
   788 ;;		_color_read_Clear
   789 ;; This function uses a non-reentrant model
   790 ;;
   791                           
   792                           	psect	text6
   793  0000'                    __ptext6:
   794                           	callstack 0
   795  0000'                    _I2C_2_Master_Start:
   796                           	callstack 27
   797  0000'                    
   798                           ;i2c.c: 29:   I2C_2_Master_Idle();
   799  0000' EC00' F000'        	call	_I2C_2_Master_Idle	;wreg free
   800  0004'                    
   801                           ;i2c.c: 30:   SSP2CON2bits.SEN = 1;
   802  0004' 010E               	movlb	14	; () banked
   803  0006' 81DA               	bsf	218,0,b	;volatile
   804  0008'                    
   805                           ; BSR set to: 14
   806  0008' 0012               	return		;funcret
   807  000A'                    __end_of_I2C_2_Master_Start:
   808                           	callstack 0
   809                           
   810 ;; *************** function _I2C_2_Master_Idle *****************
   811 ;; Defined at:
   812 ;;		line 22 in file "i2c.c"
   813 ;; Parameters:    Size  Location     Type
   814 ;;		None
   815 ;; Auto vars:     Size  Location     Type
   816 ;;		None
   817 ;; Return value:  Size  Location     Type
   818 ;;                  1    wreg      void 
   819 ;; Registers used:
   820 ;;		wreg, status,2, status,0
   821 ;; Tracked objects:
   822 ;;		On entry : 0/0
   823 ;;		On exit  : 0/0
   824 ;;		Unchanged: 0/0
   825 ;; Data sizes:     COMRAM   BANK0   BANK1   BANK2   BANK3   BANK4   BANK5   BANK6   BANK7   BANK8   BANK9  BANK10  BANK1
      +1  BANK12  BANK13
   826 ;;      Params:         0       0       0       0       0       0       0       0       0       0       0       0       
      +0       0       0
   827 ;;      Locals:         0       0       0       0       0       0       0       0       0       0       0       0       
      +0       0       0
   828 ;;      Temps:          1       0       0       0       0       0       0       0       0       0       0       0       
      +0       0       0
   829 ;;      Totals:         1       0       0       0       0       0       0       0       0       0       0       0       
      +0       0       0
   830 ;;Total ram usage:        1 bytes
   831 ;; Hardware stack levels used: 1
   832 ;; This function calls:
   833 ;;		Nothing
   834 ;; This function is called by:
   835 ;;		_I2C_2_Master_Start
   836 ;;		_I2C_2_Master_Stop
   837 ;;		_I2C_2_Master_Write
   838 ;;		_I2C_2_Master_RepStart
   839 ;;		_I2C_2_Master_Read
   840 ;; This function uses a non-reentrant model
   841 ;;
   842                           
   843                           	psect	text7
   844  0000'                    __ptext7:
   845                           	callstack 0
   846  0000'                    _I2C_2_Master_Idle:
   847                           	callstack 27
   848  0000'                    l64:
   849  0000' 010E               	movlb	14	; () banked
   850  0002' B5D8               	btfsc	216,2,b	;volatile
   851  0004' EF00' F000'        	goto	u11
   852  0008' EF00' F000'        	goto	u10
   853  000C'                    u11:
   854  000C' EF00' F000'        	goto	l64
   855  0010'                    u10:
   856  0010'                    
   857                           ; BSR set to: 14
   858  0010' CEDA F000'         	movff	3802,??_I2C_2_Master_Idle	;volatile
   859  0014' 0E1F               	movlw	31
   860  0016' 1600'              	andwf	??_I2C_2_Master_Idle^0,f,c
   861  0018' A4D8               	btfss	status,2,c
   862  001A' EF00' F000'        	goto	u21
   863  001E' EF00' F000'        	goto	u20
   864  0022'                    u21:
   865  0022' EF00' F000'        	goto	l64
   866  0026'                    u20:
   867  0026'                    
   868                           ; BSR set to: 14
   869  0026' 0012               	return		;funcret
   870  0028'                    __end_of_I2C_2_Master_Idle:
   871                           	callstack 0
   872                           
   873 ;; *************** function _I2C_2_Master_Init *****************
   874 ;; Defined at:
   875 ;;		line 4 in file "i2c.c"
   876 ;; Parameters:    Size  Location     Type
   877 ;;		None
   878 ;; Auto vars:     Size  Location     Type
   879 ;;		None
   880 ;; Return value:  Size  Location     Type
   881 ;;                  1    wreg      void 
   882 ;; Registers used:
   883 ;;		wreg, status,2
   884 ;; Tracked objects:
   885 ;;		On entry : 0/0
   886 ;;		On exit  : 0/0
   887 ;;		Unchanged: 0/0
   888 ;; Data sizes:     COMRAM   BANK0   BANK1   BANK2   BANK3   BANK4   BANK5   BANK6   BANK7   BANK8   BANK9  BANK10  BANK1
      +1  BANK12  BANK13
   889 ;;      Params:         0       0       0       0       0       0       0       0       0       0       0       0       
      +0       0       0
   890 ;;      Locals:         0       0       0       0       0       0       0       0       0       0       0       0       
      +0       0       0
   891 ;;      Temps:          0       0       0       0       0       0       0       0       0       0       0       0       
      +0       0       0
   892 ;;      Totals:         0       0       0       0       0       0       0       0       0       0       0       0       
      +0       0       0
   893 ;;Total ram usage:        0 bytes
   894 ;; Hardware stack levels used: 1
   895 ;; This function calls:
   896 ;;		Nothing
   897 ;; This function is called by:
   898 ;;		_color_click_init
   899 ;;		_main
   900 ;; This function uses a non-reentrant model
   901 ;;
   902                           
   903                           	psect	text8
   904  0000'                    __ptext8:
   905                           	callstack 0
   906  0000'                    _I2C_2_Master_Init:
   907                           	callstack 29
   908  0000'                    
   909                           ;i2c.c: 7:   SSP2CON1bits.SSPM= 0b1000;
   910  0000' 010E               	movlb	14	; () banked
   911  0002' 51D9               	movf	217,w,b	;volatile
   912  0004' 0BF0               	andlw	-16
   913  0006' 0908               	iorlw	8
   914  0008' 6FD9               	movwf	217,b	;volatile
   915  000A'                    
   916                           ; BSR set to: 14
   917                           ;i2c.c: 8:   SSP2CON1bits.SSPEN = 1;
   918  000A' 8BD9               	bsf	217,5,b	;volatile
   919                           
   920                           ;i2c.c: 9:   SSP2ADD = (64000000/(4*100000))-1;
   921  000C' 0E9F               	movlw	159
   922  000E' 6FD6               	movwf	214,b	;volatile
   923  0010'                    
   924                           ; BSR set to: 14
   925                           ;i2c.c: 12:   TRISDbits.TRISD5 = 1;
   926  0010' 8A84               	bsf	132,5,c	;volatile
   927  0012'                    
   928                           ; BSR set to: 14
   929                           ;i2c.c: 13:   TRISDbits.TRISD6 = 1;
   930  0012' 8C84               	bsf	132,6,c	;volatile
   931  0014'                    
   932                           ; BSR set to: 14
   933                           ;i2c.c: 14:   ANSELDbits.ANSELD5=0;
   934  0014' 9BA7               	bcf	167,5,b	;volatile
   935  0016'                    
   936                           ; BSR set to: 14
   937                           ;i2c.c: 15:   ANSELDbits.ANSELD6=0;
   938  0016' 9DA7               	bcf	167,6,b	;volatile
   939                           
   940                           ;i2c.c: 16:   SSP2DATPPS=0x1D;
   941  0018' 0E1D               	movlw	29
   942  001A' 6F1D               	movwf	29,b	;volatile
   943                           
   944                           ;i2c.c: 17:   SSP2CLKPPS=0x1E;
   945  001C' 0E1E               	movlw	30
   946  001E' 6F1C               	movwf	28,b	;volatile
   947                           
   948                           ;i2c.c: 18:   RD5PPS=0x1C;
   949  0020' 0E1C               	movlw	28
   950  0022' 6F6F               	movwf	111,b	;volatile
   951                           
   952                           ;i2c.c: 19:   RD6PPS=0x1B;
   953  0024' 0E1B               	movlw	27
   954  0026' 6F70               	movwf	112,b	;volatile
   955  0028'                    
   956                           ; BSR set to: 14
   957  0028' 0012               	return		;funcret
   958  002A'                    __end_of_I2C_2_Master_Init:
   959                           	callstack 0
   960                           
   961                           	psect	rparam
   962  0000                     
   963                           	psect	idloc
   964                           
   965                           ;Config register IDLOC0 @ 0x200000
   966                           ;	unspecified, using default values
   967  200000                     	org	2097152
   968  200000  0FFF               	dw	4095
   969                           
   970                           ;Config register IDLOC1 @ 0x200002
   971                           ;	unspecified, using default values
   972  200002                     	org	2097154
   973  200002  0FFF               	dw	4095
   974                           
   975                           ;Config register IDLOC2 @ 0x200004
   976                           ;	unspecified, using default values
   977  200004                     	org	2097156
   978  200004  0FFF               	dw	4095
   979                           
   980                           ;Config register IDLOC3 @ 0x200006
   981                           ;	unspecified, using default values
   982  200006                     	org	2097158
   983  200006  0FFF               	dw	4095
   984                           
   985                           ;Config register IDLOC4 @ 0x200008
   986                           ;	unspecified, using default values
   987  200008                     	org	2097160
   988  200008  0FFF               	dw	4095
   989                           
   990                           ;Config register IDLOC5 @ 0x20000A
   991                           ;	unspecified, using default values
   992  20000A                     	org	2097162
   993  20000A  0FFF               	dw	4095
   994                           
   995                           ;Config register IDLOC6 @ 0x20000C
   996                           ;	unspecified, using default values
   997  20000C                     	org	2097164
   998  20000C  0FFF               	dw	4095
   999                           
  1000                           ;Config register IDLOC7 @ 0x20000E
  1001                           ;	unspecified, using default values
  1002  20000E                     	org	2097166
  1003  20000E  0FFF               	dw	4095
  1004                           
  1005                           	psect	config
  1006                           
  1007                           ;Config register CONFIG1L @ 0x300000
  1008                           ;	External Oscillator mode Selection bits
  1009                           ;	FEXTOSC = HS, HS (crystal oscillator) above 8 MHz; PFM set to high power
  1010                           ;	Power-up default value for COSC bits
  1011                           ;	RSTOSC = EXTOSC_4PLL, EXTOSC with 4x PLL, with EXTOSC operating per FEXTOSC bits
  1012  300000                     	org	3145728
  1013  300000  AA                 	db	170
  1014                           
  1015                           ;Config register CONFIG1H @ 0x300001
  1016                           ;	unspecified, using default values
  1017                           ;	Clock Out Enable bit
  1018                           ;	CLKOUTEN = 0x1, unprogrammed default
  1019                           ;	Clock Switch Enable bit
  1020                           ;	CSWEN = 0x1, unprogrammed default
  1021                           ;	Fail-Safe Clock Monitor Enable bit
  1022                           ;	FCMEN = 0x1, unprogrammed default
  1023  300001                     	org	3145729
  1024  300001  FF                 	db	255
  1025                           
  1026                           ;Config register CONFIG2L @ 0x300002
  1027                           ;	unspecified, using default values
  1028                           ;	Master Clear Enable bit
  1029                           ;	MCLRE = 0x1, unprogrammed default
  1030                           ;	Power-up Timer Enable bit
  1031                           ;	PWRTE = 0x1, unprogrammed default
  1032                           ;	Low-power BOR enable bit
  1033                           ;	LPBOREN = 0x1, unprogrammed default
  1034                           ;	Brown-out Reset Enable bits
  1035                           ;	BOREN = 0x3, unprogrammed default
  1036  300002                     	org	3145730
  1037  300002  FF                 	db	255
  1038                           
  1039                           ;Config register CONFIG2H @ 0x300003
  1040                           ;	unspecified, using default values
  1041                           ;	Brown Out Reset Voltage selection bits
  1042                           ;	BORV = 0x3, unprogrammed default
  1043                           ;	ZCD Disable bit
  1044                           ;	ZCD = 0x1, unprogrammed default
  1045                           ;	PPSLOCK bit One-Way Set Enable bit
  1046                           ;	PPS1WAY = 0x1, unprogrammed default
  1047                           ;	Stack Full/Underflow Reset Enable bit
  1048                           ;	STVREN = 0x1, unprogrammed default
  1049                           ;	Debugger Enable bit
  1050                           ;	DEBUG = 0x1, unprogrammed default
  1051                           ;	Extended Instruction Set Enable bit
  1052                           ;	XINST = 0x1, unprogrammed default
  1053  300003                     	org	3145731
  1054  300003  FF                 	db	255
  1055                           
  1056                           ;Config register CONFIG3L @ 0x300004
  1057                           ;	WDT Period Select bits
  1058                           ;	WDTCPS = 0x1F, unprogrammed default
  1059                           ;	WDT operating mode
  1060                           ;	WDTE = OFF, WDT Disabled
  1061  300004                     	org	3145732
  1062  300004  9F                 	db	159
  1063                           
  1064                           ;Config register CONFIG3H @ 0x300005
  1065                           ;	unspecified, using default values
  1066                           ;	WDT Window Select bits
  1067                           ;	WDTCWS = 0x7, unprogrammed default
  1068                           ;	WDT input clock selector
  1069                           ;	WDTCCS = 0x7, unprogrammed default
  1070  300005                     	org	3145733
  1071  300005  FF                 	db	255
  1072                           
  1073                           ;Config register CONFIG4L @ 0x300006
  1074                           ;	unspecified, using default values
  1075                           ;	Write Protection Block 0
  1076                           ;	WRT0 = 0x1, unprogrammed default
  1077                           ;	Write Protection Block 1
  1078                           ;	WRT1 = 0x1, unprogrammed default
  1079                           ;	Write Protection Block 2
  1080                           ;	WRT2 = 0x1, unprogrammed default
  1081                           ;	Write Protection Block 3
  1082                           ;	WRT3 = 0x1, unprogrammed default
  1083                           ;	Write Protection Block 3
  1084                           ;	WRT4 = 0x1, unprogrammed default
  1085                           ;	Write Protection Block 3
  1086                           ;	WRT5 = 0x1, unprogrammed default
  1087                           ;	Write Protection Block 3
  1088                           ;	WRT6 = 0x1, unprogrammed default
  1089                           ;	Write Protection Block 3
  1090                           ;	WRT7 = 0x1, unprogrammed default
  1091  300006                     	org	3145734
  1092  300006  FF                 	db	255
  1093                           
  1094                           ;Config register CONFIG4H @ 0x300007
  1095                           ;	unspecified, using default values
  1096                           ;	Configuration Register Write Protection bit
  1097                           ;	WRTC = 0x1, unprogrammed default
  1098                           ;	Boot Block Write Protection bit
  1099                           ;	WRTB = 0x1, unprogrammed default
  1100                           ;	Data EEPROM Write Protection bit
  1101                           ;	WRTD = 0x1, unprogrammed default
  1102                           ;	Scanner Enable bit
  1103                           ;	SCANE = 0x1, unprogrammed default
  1104                           ;	Low Voltage Programming Enable bit
  1105                           ;	LVP = 0x1, unprogrammed default
  1106  300007                     	org	3145735
  1107  300007  FF                 	db	255
  1108                           
  1109                           ;Config register CONFIG5L @ 0x300008
  1110                           ;	unspecified, using default values
  1111                           ;	UserNVM Program Memory Code Protection bit
  1112                           ;	CP = 0x1, unprogrammed default
  1113                           ;	DataNVM Memory Code Protection bit
  1114                           ;	CPD = 0x1, unprogrammed default
  1115  300008                     	org	3145736
  1116  300008  FF                 	db	255
  1117                           
  1118                           ;Config register CONFIG5H @ 0x300009
  1119                           ;	unspecified, using default values
  1120  300009                     	org	3145737
  1121  300009  FF                 	db	255
  1122                           
  1123                           ;Config register CONFIG6L @ 0x30000A
  1124                           ;	unspecified, using default values
  1125                           ;	Table Read Protection Block 0
  1126                           ;	EBTR0 = 0x1, unprogrammed default
  1127                           ;	Table Read Protection Block 1
  1128                           ;	EBTR1 = 0x1, unprogrammed default
  1129                           ;	Table Read Protection Block 2
  1130                           ;	EBTR2 = 0x1, unprogrammed default
  1131                           ;	Table Read Protection Block 3
  1132                           ;	EBTR3 = 0x1, unprogrammed default
  1133                           ;	Table Read Protection Block 4
  1134                           ;	EBTR4 = 0x1, unprogrammed default
  1135                           ;	Table Read Protection Block 5
  1136                           ;	EBTR5 = 0x1, unprogrammed default
  1137                           ;	Table Read Protection Block 6
  1138                           ;	EBTR6 = 0x1, unprogrammed default
  1139                           ;	Table Read Protection Block 7
  1140                           ;	EBTR7 = 0x1, unprogrammed default
  1141  30000A                     	org	3145738
  1142  30000A  FF                 	db	255
  1143                           
  1144                           ;Config register CONFIG6H @ 0x30000B
  1145                           ;	unspecified, using default values
  1146                           ;	Boot Block Table Read Protection bit
  1147                           ;	EBTRB = 0x1, unprogrammed default
  1148  30000B                     	org	3145739
  1149  30000B  FF                 	db	255
  1150                           tosu	equ	0xFFF
  1151                           tosh	equ	0xFFE
  1152                           tosl	equ	0xFFD
  1153                           stkptr	equ	0xFFC
  1154                           pclatu	equ	0xFFB
  1155                           pclath	equ	0xFFA
  1156                           pcl	equ	0xFF9
  1157                           tblptru	equ	0xFF8
  1158                           tblptrh	equ	0xFF7
  1159                           tblptrl	equ	0xFF6
  1160                           tablat	equ	0xFF5
  1161                           prodh	equ	0xFF4
  1162                           prodl	equ	0xFF3
  1163                           indf0	equ	0xFEF
  1164                           postinc0	equ	0xFEE
  1165                           postdec0	equ	0xFED
  1166                           preinc0	equ	0xFEC
  1167                           plusw0	equ	0xFEB
  1168                           fsr0h	equ	0xFEA
  1169                           fsr0l	equ	0xFE9
  1170                           wreg	equ	0xFE8
  1171                           indf1	equ	0xFE7
  1172                           postinc1	equ	0xFE6
  1173                           postdec1	equ	0xFE5
  1174                           preinc1	equ	0xFE4
  1175                           plusw1	equ	0xFE3
  1176                           fsr1h	equ	0xFE2
  1177                           fsr1l	equ	0xFE1
  1178                           bsr	equ	0xFE0
  1179                           indf2	equ	0xFDF
  1180                           postinc2	equ	0xFDE
  1181                           postdec2	equ	0xFDD
  1182                           preinc2	equ	0xFDC
  1183                           plusw2	equ	0xFDB
  1184                           fsr2h	equ	0xFDA
  1185                           fsr2l	equ	0xFD9
  1186                           status	equ	0xFD8

Data Sizes:
    Strings     39
    Constant    0
    Data        5
    BSS         102
    Persistent  0
    Stack       0

Auto Spaces:
    Space          Size  Autos    Used
    COMRAM           95      7      54
    BANK0           160      0      60
    BANK1           256      0       0
    BANK2           256      0       0
    BANK3           256      0       0
    BANK4           256      0       0
    BANK5           256      0       0
    BANK6           256      0       0
    BANK7           256      0       0
    BANK8           256      0       0
    BANK9           256      0       0
    BANK10          256      0       0
    BANK11          256      0       0
    BANK12          256      0       0
    BANK13          234      0       0

Pointer List with Targets:

    vfprintf$2	PTR PTR void  size(2) Largest target is 2
		 -> sprintf@ap(COMRAM[2]), 

    vfprintf$1	PTR const unsigned char  size(2) Largest target is 39
		 -> STR_1(CODE[39]), 

    vfprintf$0	PTR struct _IO_FILE size(2) Largest target is 11
		 -> sprintf@f(COMRAM[11]), 

    Left15$1	PTR struct DC_motor size(2) Largest target is 11
		 -> motorR(COMRAM[9]), 

    Left15$0	PTR struct DC_motor size(2) Largest target is 11
		 -> motorL(COMRAM[9]), 

    S963$source	PTR const unsigned char  size(2) Largest target is 0

    f...source	PTR const unsigned char  size(2) Largest target is 0

    S963$buffer	PTR unsigned char  size(2) Largest target is 0

    f...buffer	PTR unsigned char  size(2) Largest target is 0

    motorR.negDutyHighByte	PTR unsigned char  size(2) Largest target is 1
		 -> CCPR4H(BITBIGSFRhllllll[1]), CCPR2H(BITBIGSFRhhll[1]), 

    motorR.posDutyHighByte	PTR unsigned char  size(2) Largest target is 1
		 -> CCPR3H(BITBIGSFRhllllll[1]), CCPR1H(BITBIGSFRhhll[1]), 

    S286DC_motor$negDutyHighByte	PTR unsigned char  size(2) Largest target is 1
		 -> CCPR4H(BITBIGSFRhllllll[1]), CCPR2H(BITBIGSFRhhll[1]), 

    motorL.negDutyHighByte	PTR unsigned char  size(2) Largest target is 1
		 -> CCPR4H(BITBIGSFRhllllll[1]), CCPR2H(BITBIGSFRhhll[1]), 

    S286DC_motor$posDutyHighByte	PTR unsigned char  size(2) Largest target is 1
		 -> CCPR3H(BITBIGSFRhllllll[1]), CCPR1H(BITBIGSFRhhll[1]), 

    motorL.posDutyHighByte	PTR unsigned char  size(2) Largest target is 1
		 -> CCPR3H(BITBIGSFRhllllll[1]), CCPR1H(BITBIGSFRhhll[1]), 


Critical Paths under _main in COMRAM

    _main->_color_click_init
    _color_click_init->_color_writetoaddr
    _color_writetoaddr->_I2C_2_Master_Write
    _I2C_2_Master_Write->_I2C_2_Master_Idle
    _I2C_2_Master_Stop->_I2C_2_Master_Idle
    _I2C_2_Master_Start->_I2C_2_Master_Idle

Critical Paths under _main in BANK0

    None.

Critical Paths under _main in BANK1

    None.

Critical Paths under _main in BANK2

    None.

Critical Paths under _main in BANK3

    None.

Critical Paths under _main in BANK4

    None.

Critical Paths under _main in BANK5

    None.

Critical Paths under _main in BANK6

    None.

Critical Paths under _main in BANK7

    None.

Critical Paths under _main in BANK8

    None.

Critical Paths under _main in BANK9

    None.

Critical Paths under _main in BANK10

    None.

Critical Paths under _main in BANK11

    None.

Critical Paths under _main in BANK12

    None.

Critical Paths under _main in BANK13

    None.

Call Graph Tables:

 ---------------------------------------------------------------------------------
 (Depth) Function   	        Calls       Base Space   Used Autos Params    Refs
 ---------------------------------------------------------------------------------
 (0) _main                                                34    34      0     390
                                              5 COMRAM     2     2      0
                  _I2C_2_Master_Init
                             _Left15
                   _color_click_init
                    _initDCmotorsPWM
                         _initUSART4
 ---------------------------------------------------------------------------------
 (1) _initUSART4                                           0     0      0       0
 ---------------------------------------------------------------------------------
 (1) _initDCmotorsPWM                                      2     0      2      12
 ---------------------------------------------------------------------------------
 (1) _color_click_init                                     1     1      0     287
                                              4 COMRAM     1     1      0
                  _I2C_2_Master_Init
                  _color_writetoaddr
 ---------------------------------------------------------------------------------
 (2) _color_writetoaddr                                    2     1      1     287
                                              2 COMRAM     2     1      1
                 _I2C_2_Master_Start
                  _I2C_2_Master_Stop
                 _I2C_2_Master_Write
 ---------------------------------------------------------------------------------
 (3) _I2C_2_Master_Write                                   1     1      0      15
                                              1 COMRAM     1     1      0
                  _I2C_2_Master_Idle
 ---------------------------------------------------------------------------------
 (3) _I2C_2_Master_Stop                                    0     0      0       0
                  _I2C_2_Master_Idle
 ---------------------------------------------------------------------------------
 (3) _I2C_2_Master_Start                                   0     0      0       0
                  _I2C_2_Master_Idle
 ---------------------------------------------------------------------------------
 (4) _I2C_2_Master_Idle                                    1     1      0       0
                                              0 COMRAM     1     1      0
 ---------------------------------------------------------------------------------
 (2) _I2C_2_Master_Init                                    0     0      0       0
 ---------------------------------------------------------------------------------
 (1) _Left15                                               4     0      4      24
 ---------------------------------------------------------------------------------
 Estimated maximum stack depth 4
 ---------------------------------------------------------------------------------

 Call Graph Graphs:

 _main (ROOT)
   _I2C_2_Master_Init
   _Left15
   _color_click_init
     _I2C_2_Master_Init
     _color_writetoaddr
       _I2C_2_Master_Start
         _I2C_2_Master_Idle
       _I2C_2_Master_Stop
         _I2C_2_Master_Idle
       _I2C_2_Master_Write
         _I2C_2_Master_Idle
   _initDCmotorsPWM
   _initUSART4

 Address spaces:
Name               Size   Autos  Total    Cost      Usage
BIGRAM             DE9      0       0      48        0.0%
EEDATA             400      0       0       0        0.0%
BITBANK12          100      0       0      28        0.0%
BANK12             100      0       0      29        0.0%
BITBANK11          100      0       0      26        0.0%
BANK11             100      0       0      27        0.0%
BITBANK10          100      0       0      24        0.0%
BANK10             100      0       0      25        0.0%
BITBANK9           100      0       0      22        0.0%
BANK9              100      0       0      23        0.0%
BITBANK8           100      0       0      20        0.0%
BANK8              100      0       0      21        0.0%
BITBANK7           100      0       0      18        0.0%
BANK7              100      0       0      19        0.0%
BITBANK6           100      0       0      16        0.0%
BANK6              100      0       0      17        0.0%
BITBANK5           100      0       0      14        0.0%
BANK5              100      0       0      15        0.0%
BITBANK4           100      0       0      12        0.0%
BANK4              100      0       0      13        0.0%
BITBANK3           100      0       0      10        0.0%
BANK3              100      0       0      11        0.0%
BITBANK2           100      0       0       8        0.0%
BANK2              100      0       0       9        0.0%
BITBANK1           100      0       0       6        0.0%
BANK1              100      0       0       7        0.0%
BITBANK13           EA      0       0      30        0.0%
BANK13              EA      0       0      31        0.0%
BITBANK0            A0      0       0       4        0.0%
BANK0               A0      0      3C       5       37.5%
BITCOMRAM           5F      0       0       0        0.0%
COMRAM              5F      7      36       1       56.8%
BITBIGSFRhlh        5D      0       0      35        0.0%
BITBIGSFRhhh        55      0       0      32        0.0%
BITBIGSFRhlllh      37      0       0      37        0.0%
BITBIGSFRlllhh      36      0       0      41        0.0%
BITBIGSFRllh        2D      0       0      40        0.0%
BITBIGSFRlllhll     2A      0       0      43        0.0%
BITBIGSFRlllll      26      0       0      46        0.0%
BITBIGSFRhhll       21      0       0      34        0.0%
BITBIGSFRlllhll     19      0       0      44        0.0%
BITBIGSFRlllhlh      C      0       0      42        0.0%
BITBIGSFRhlllll      8      0       0      38        0.0%
BITBIGSFRllllh       6      0       0      45        0.0%
BITBIGSFRhllh        3      0       0      36        0.0%
BITBIGSFRhhlh        3      0       0      33        0.0%
BITBIGSFRlh          1      0       0      39        0.0%
BIGSFR               0      0       0     200        0.0%
BITSFR_3             0      0       0     200        0.0%
SFR_3                0      0       0     200        0.0%
BITSFR_2             0      0       0     200        0.0%
SFR_2                0      0       0     200        0.0%
BITSFR_1             0      0       0     200        0.0%
SFR_1                0      0       0     200        0.0%
BITSFR               0      0       0     200        0.0%
SFR                  0      0       0     200        0.0%
STACK                0      0       0       2        0.0%
NULL                 0      0       0       0        0.0%
ABS                  0      0      72      47        0.0%
DATA                 0      0      72       3        0.0%
CODE                 0      0       0       0        0.0%


Microchip Technology PIC18 Macro Assembler V2.40 build 20220703182018 
Symbol Table                                                                                   Tue Feb 28 15:00:38 2023

                         l22 00001E                           l19 000032                           l61 000028  
                         l70 000008                           l64 000000                           l67 000026  
                         l76 000008                           l79 00000A                           u10 000010  
                         u11 00000C                           u20 000026                           u21 000022  
                         u87 00007E                           u97 000014                          l177 000020  
                        l901 000010                          l903 000012                          l905 000014  
                        l921 000000                          l907 000016                          l931 00001C  
                        l923 000004                          l933 00001E                          l925 00000E  
                        l927 000010                          l881 000000                          l929 00001A  
                        l883 000010                          l891 000006                          l885 000000  
                        l893 000000                          l887 000004                          l895 000004  
                        l897 000000                          l889 000002                          l899 00000A  
                        wreg 000FE8                         l1041 00000E                         l1035 000002  
                       l1043 00001E                         l1051 000008                         l1045 000028  
                       l1037 000000                         l1061 000020                         l1053 00000C  
                       l1039 000004                         l1071 000040                         l1063 000024  
                       l1055 00000C                         l1047 000000                         l1081 000060  
                       l1073 000044                         l1065 00002C                         l1057 000018  
                       l1049 000004                         l1083 000074                         l1075 000048  
                       l1067 000034                         l1059 00001C                         l1077 000050  
                       l1069 00003C                         l1079 000058                         STR_1 000001  
               _BAUD4CONbits 000EE9                         _main 000000                         fsr1l 000FE1  
                       start 000000*                ___param_bank 000000                        ?_main 000000  
 __end_of_I2C_2_Master_Start 00000A   __end_of_I2C_2_Master_Write 00000C                        tablat 000FF5  
                      status 000FD8              __initialization 000000                 __end_of_main 000094  
                     ??_main 000005                __activetblptr 000001                       _CCPR1H 000FAA  
                     _CCPR2H 000FA6                       _CCPR3H 000F25                       _CCPR4H 000F21  
                     _RC0PPS 000E62                       _RC4REG 000EE3                       _RD5PPS 000E6F  
                     _RD6PPS 000E70     __end_of_color_click_init 000034                       _RX4PPS 000E15  
                     _TX4REG 000EE4                       _Left15 000000*                      clear_0 000026  
                     clear_1 000032                       _motorL 000021                       _motorR 000018  
                     isa$std 000001                 __pdataCOMRAM 000000                 __mediumconst 000000* 
                     tblptrh 000FF7                       tblptrl 000FF6                       tblptru 000FF8  
          ??_initDCmotorsPWM 000000                   __accesstop 000000*     __end_of__initialization 000038  
             __15drightdelay 000000                ___rparam_used 000001               __pcstackCOMRAM 000000  
                 __pbssBANK0 000000                      ?_Left15 000000            _color_writetoaddr 000000  
         ?_color_writetoaddr 000002          ??_color_writetoaddr 000003                      _SP4BRGH 000EE6  
                    _SP4BRGL 000EE5                      _SSP2ADD 000ED6                      _SSP2BUF 000ED5  
     color_writetoaddr@value 000002    __end_of_color_writetoaddr 000020           _I2C_2_Master_Start 000000  
                 _initUSART4 000000           _I2C_2_Master_Write 000000                      __Hparam 000000  
                    __Lparam 000000          ?_I2C_2_Master_Start 000000          ?_I2C_2_Master_Write 000000  
               __psmallconst 000000                      __pcinit 000000                      __ramtop 000000* 
                    __ptext0 000000                      __ptext1 000000                      __ptext2 000000  
                    __ptext3 000000                      __ptext4 000000                      __ptext5 000000  
                    __ptext6 000000                      __ptext7 000000                      __ptext8 000000  
              _RxBufWriteCnt 000017         ??_I2C_2_Master_Start 000001         ??_I2C_2_Master_Write 000001  
       end_of_initialization 000038            ?_color_click_init 000000           ??_color_click_init 000004  
                    postdec1 000FE5                      postinc0 000FEE              _initDCmotorsPWM 000000* 
                  _TRISCbits 000F83                    _TRISDbits 000F84     color_writetoaddr@address 000003  
               _EUSART4RXbuf 000000                 _EUSART4TXbuf 000000                  ?_initUSART4 000000  
              __pidataCOMRAM 000000          start_initialization 000000                _TxBufWriteCnt 000015  
                   ??_Left15 000000                __15dleftdelay 000002                  __pbssCOMRAM 000000  
                __smallconst 000000*           _I2C_2_Master_Idle 000000            _I2C_2_Master_Init 000000  
          _I2C_2_Master_Stop 000000                 _RxBufReadCnt 000016           ?_I2C_2_Master_Idle 000000  
         ?_I2C_2_Master_Init 000000           ?_I2C_2_Master_Stop 000000          ??_I2C_2_Master_Idle 000000  
        ??_I2C_2_Master_Init 000000          ??_I2C_2_Master_Stop 000001                     _PIR4bits 000E37  
           ?_initDCmotorsPWM 000000                     _SSP2CON2 000EDA                     _SSP2STAT 000ED8  
  __end_of_I2C_2_Master_Idle 000028    __end_of_I2C_2_Master_Init 00002A    __end_of_I2C_2_Master_Stop 00000A  
                   _DataFlag 000004  I2C_2_Master_Write@data_byte 000001                 _TxBufReadCnt 000014  
                   _Left15$0 000000                     _Left15$1 000002                    copy_data0 000014  
               ??_initUSART4 000000                     __Hrparam 000000*                    __Lrparam 000000* 
               __Lsmallconst 000000*                  _ANSELDbits 000EA7           __end_of_initUSART4 000022  
               _SSP2CON1bits 000ED9                 _SSP2CON2bits 000EDA                     isa$xinst 000000  
                 _RC4STAbits 000EE7            _initDCmotorsPWM$0 000000             _color_click_init 000000  
                 _SSP2DATPPS 000E1D                   _SSP2CLKPPS 000E1C                   _TX4STAbits 000EE8  
